<?xml version="1.0" encoding="UTF-8"?>
<testsuite xmlns:xsi="http://www.w3.org/2001/XMLSchema-instance" xsi:noNamespaceSchemaLocation="https://maven.apache.org/surefire/maven-surefire-plugin/xsd/surefire-test-report-3.0.xsd" version="3.0" name="probesIntegracio.AltaEmpleatTest" time="1.654" tests="1" errors="0" skipped="0" failures="0">
  <properties>
    <property name="java.specification.version" value="17"/>
    <property name="sun.cpu.isalist" value="amd64"/>
    <property name="sun.jnu.encoding" value="Cp1252"/>
    <property name="java.class.path" value="C:\Users\pau\Documents\GitHub\solApp\Server\solApp\target\test-classes;C:\Users\pau\Documents\GitHub\solApp\Server\solApp\target\classes;C:\Users\pau\.m2\repository\com\google\code\gson\gson\2.10.1\gson-2.10.1.jar;C:\Users\pau\.m2\repository\com\mysql\mysql-connector-j\8.0.33\mysql-connector-j-8.0.33.jar;C:\Users\pau\.m2\repository\com\google\protobuf\protobuf-java\3.21.9\protobuf-java-3.21.9.jar;C:\Users\pau\.m2\repository\junit\junit\4.13.2\junit-4.13.2.jar;C:\Users\pau\.m2\repository\org\hamcrest\hamcrest-core\1.3\hamcrest-core-1.3.jar;C:\Users\pau\.m2\repository\org\mockito\mockito-all\1.9.5\mockito-all-1.9.5.jar;C:\Users\pau\.m2\repository\org\dbunit\dbunit\2.7.3\dbunit-2.7.3.jar;C:\Users\pau\.m2\repository\org\slf4j\slf4j-api\1.7.25\slf4j-api-1.7.25.jar;C:\Users\pau\.m2\repository\org\postgresql\postgresql\42.3.1\postgresql-42.3.1.jar;C:\Users\pau\.m2\repository\org\checkerframework\checker-qual\3.5.0\checker-qual-3.5.0.jar;C:\Users\pau\.m2\repository\com\oracle\database\jdbc\ojdbc8\19.3.0.0\ojdbc8-19.3.0.0.jar;C:\Users\pau\.m2\repository\com\oracle\database\jdbc\ucp\19.3.0.0\ucp-19.3.0.0.jar;C:\Users\pau\.m2\repository\com\oracle\database\security\oraclepki\19.3.0.0\oraclepki-19.3.0.0.jar;C:\Users\pau\.m2\repository\com\oracle\database\security\osdt_cert\19.3.0.0\osdt_cert-19.3.0.0.jar;C:\Users\pau\.m2\repository\com\oracle\database\security\osdt_core\19.3.0.0\osdt_core-19.3.0.0.jar;C:\Users\pau\.m2\repository\com\oracle\database\ha\simplefan\19.3.0.0\simplefan-19.3.0.0.jar;C:\Users\pau\.m2\repository\com\oracle\database\ha\ons\19.3.0.0\ons-19.3.0.0.jar;"/>
    <property name="java.vm.vendor" value="Oracle Corporation"/>
    <property name="sun.arch.data.model" value="64"/>
    <property name="user.variant" value=""/>
    <property name="java.vendor.url" value="https://java.oracle.com/"/>
    <property name="user.timezone" value="Europe/Madrid"/>
    <property name="os.name" value="Windows 10"/>
    <property name="java.vm.specification.version" value="17"/>
    <property name="user.country" value="ES"/>
    <property name="sun.java.launcher" value="SUN_STANDARD"/>
    <property name="sun.boot.library.path" value="C:\openjdk-17.0.1_windows-x64_bin\jdk-17.0.1\bin"/>
    <property name="sun.java.command" value="C:\Users\pau\AppData\Local\Temp\surefire18285496526857368081\surefirebooter-20231109111455596_3.jar C:\Users\pau\AppData\Local\Temp\surefire18285496526857368081 2023-11-09T11-14-55_463-jvmRun1 surefire-20231109111455596_1tmp surefire_0-20231109111455596_2tmp"/>
    <property name="jdk.debug" value="release"/>
    <property name="test" value="probesIntegracio.AltaEmpleatTest#testAltaEmpleatError"/>
    <property name="surefire.test.class.path" value="C:\Users\pau\Documents\GitHub\solApp\Server\solApp\target\test-classes;C:\Users\pau\Documents\GitHub\solApp\Server\solApp\target\classes;C:\Users\pau\.m2\repository\com\google\code\gson\gson\2.10.1\gson-2.10.1.jar;C:\Users\pau\.m2\repository\com\mysql\mysql-connector-j\8.0.33\mysql-connector-j-8.0.33.jar;C:\Users\pau\.m2\repository\com\google\protobuf\protobuf-java\3.21.9\protobuf-java-3.21.9.jar;C:\Users\pau\.m2\repository\junit\junit\4.13.2\junit-4.13.2.jar;C:\Users\pau\.m2\repository\org\hamcrest\hamcrest-core\1.3\hamcrest-core-1.3.jar;C:\Users\pau\.m2\repository\org\mockito\mockito-all\1.9.5\mockito-all-1.9.5.jar;C:\Users\pau\.m2\repository\org\dbunit\dbunit\2.7.3\dbunit-2.7.3.jar;C:\Users\pau\.m2\repository\org\slf4j\slf4j-api\1.7.25\slf4j-api-1.7.25.jar;C:\Users\pau\.m2\repository\org\postgresql\postgresql\42.3.1\postgresql-42.3.1.jar;C:\Users\pau\.m2\repository\org\checkerframework\checker-qual\3.5.0\checker-qual-3.5.0.jar;C:\Users\pau\.m2\repository\com\oracle\database\jdbc\ojdbc8\19.3.0.0\ojdbc8-19.3.0.0.jar;C:\Users\pau\.m2\repository\com\oracle\database\jdbc\ucp\19.3.0.0\ucp-19.3.0.0.jar;C:\Users\pau\.m2\repository\com\oracle\database\security\oraclepki\19.3.0.0\oraclepki-19.3.0.0.jar;C:\Users\pau\.m2\repository\com\oracle\database\security\osdt_cert\19.3.0.0\osdt_cert-19.3.0.0.jar;C:\Users\pau\.m2\repository\com\oracle\database\security\osdt_core\19.3.0.0\osdt_core-19.3.0.0.jar;C:\Users\pau\.m2\repository\com\oracle\database\ha\simplefan\19.3.0.0\simplefan-19.3.0.0.jar;C:\Users\pau\.m2\repository\com\oracle\database\ha\ons\19.3.0.0\ons-19.3.0.0.jar;"/>
    <property name="sun.cpu.endian" value="little"/>
    <property name="user.home" value="C:\Users\pau"/>
    <property name="user.language" value="es"/>
    <property name="java.specification.vendor" value="Oracle Corporation"/>
    <property name="java.version.date" value="2021-10-19"/>
    <property name="java.home" value="C:\openjdk-17.0.1_windows-x64_bin\jdk-17.0.1"/>
    <property name="file.separator" value="\"/>
    <property name="basedir" value="C:\Users\pau\Documents\GitHub\solApp\Server\solApp"/>
    <property name="java.vm.compressedOopsMode" value="Zero based"/>
    <property name="line.separator" value="&#10;"/>
    <property name="java.vm.specification.vendor" value="Oracle Corporation"/>
    <property name="java.specification.name" value="Java Platform API Specification"/>
    <property name="surefire.real.class.path" value="C:\Users\pau\AppData\Local\Temp\surefire18285496526857368081\surefirebooter-20231109111455596_3.jar"/>
    <property name="user.script" value=""/>
    <property name="sun.management.compiler" value="HotSpot 64-Bit Tiered Compilers"/>
    <property name="java.runtime.version" value="17.0.1+12-39"/>
    <property name="user.name" value="pau"/>
    <property name="path.separator" value=";"/>
    <property name="os.version" value="10.0"/>
    <property name="java.runtime.name" value="OpenJDK Runtime Environment"/>
    <property name="file.encoding" value="UTF-8"/>
    <property name="java.vm.name" value="OpenJDK 64-Bit Server VM"/>
    <property name="maven.ext.class.path" value="C:\Program Files\NetBeans-19\netbeans\java\maven-nblib\netbeans-eventspy.jar"/>
    <property name="localRepository" value="C:\Users\pau\.m2\repository"/>
    <property name="java.vendor.url.bug" value="https://bugreport.java.com/bugreport/"/>
    <property name="java.io.tmpdir" value="C:\Users\pau\AppData\Local\Temp\"/>
    <property name="java.version" value="17.0.1"/>
    <property name="user.dir" value="C:\Users\pau\Documents\GitHub\solApp\Server\solApp"/>
    <property name="os.arch" value="amd64"/>
    <property name="java.vm.specification.name" value="Java Virtual Machine Specification"/>
    <property name="sun.os.patch.level" value=""/>
    <property name="native.encoding" value="Cp1252"/>
    <property name="java.library.path" value="C:\openjdk-17.0.1_windows-x64_bin\jdk-17.0.1\bin;C:\Windows\Sun\Java\bin;C:\Windows\system32;C:\Windows;C:\Program Files (x86)\Common Files\Oracle\Java\javapath;C:\Windows\system32;C:\Windows;C:\Windows\System32\Wbem;C:\Windows\System32\WindowsPowerShell\v1.0\;C:\Windows\System32\OpenSSH\;C:\openjdk-17.0.1_windows-x64_bin\jdk-17.0.1\bin;C:\Program Files\Microsoft SQL Server\150\Tools\Binn\;C:\Program Files\Microsoft SQL Server\Client SDK\ODBC\170\Tools\Binn\;C:\Program Files\dotnet\;C:\Users\pau\AppData\Local\Microsoft\WindowsApps;C:\openjdk-17.0.1_windows-x64_bin\jdk-17.0.1\bin;C:\Users\pau\.dotnet\tools;C:\Users\pau\AppData\Local\GitHubDesktop\bin;."/>
    <property name="java.vm.info" value="mixed mode, sharing"/>
    <property name="java.vendor" value="Oracle Corporation"/>
    <property name="java.vm.version" value="17.0.1+12-39"/>
    <property name="sun.io.unicode.encoding" value="UnicodeLittle"/>
    <property name="java.class.version" value="61.0"/>
  </properties>
  <testcase name="testAltaEmpleatError" classname="probesIntegracio.AltaEmpleatTest" time="1.608">
    <system-err><![CDATA[nov 09, 2023 11:14:56 A. M. probesIntegracio.AltaEmpleatTest testAltaEmpleatError
INFO: Client connectat al servidor
nov 09, 2023 11:14:57 A. M. probesIntegracio.AltaEmpleatTest testAltaEmpleatError
INFO: Petició enviada al servidor.
nov 09, 2023 11:14:57 A. M. persistencia.ConexioBBDD conectar
INFO: Connexió a la base de dades.
nov 09, 2023 11:14:57 A. M. persistencia.PersonaDAO altaPersona
SEVERE: null
java.sql.SQLIntegrityConstraintViolationException: Duplicate entry '46797529G' for key 'persona.dni'
	at com.mysql.cj.jdbc.exceptions.SQLError.createSQLException(SQLError.java:118)
	at com.mysql.cj.jdbc.exceptions.SQLExceptionsMapping.translateException(SQLExceptionsMapping.java:122)
	at com.mysql.cj.jdbc.ClientPreparedStatement.executeInternal(ClientPreparedStatement.java:916)
	at com.mysql.cj.jdbc.ClientPreparedStatement.executeUpdateInternal(ClientPreparedStatement.java:1061)
	at com.mysql.cj.jdbc.ClientPreparedStatement.executeUpdateInternal(ClientPreparedStatement.java:1009)
	at com.mysql.cj.jdbc.ClientPreparedStatement.executeLargeUpdate(ClientPreparedStatement.java:1320)
	at com.mysql.cj.jdbc.ClientPreparedStatement.executeUpdate(ClientPreparedStatement.java:994)
	at persistencia.PersonaDAO.altaPersona(PersonaDAO.java:52)
	at resposta.GenerarResposta.respostaAltaEmpleat(GenerarResposta.java:105)
	at resposta.ControladorResposta.gestionarResposta(ControladorResposta.java:57)
	at servidor.ServidorSocketListener$GestorClients.run(ServidorSocketListener.java:139)
	at java.base/java.util.concurrent.ThreadPoolExecutor.runWorker(ThreadPoolExecutor.java:1136)
	at java.base/java.util.concurrent.ThreadPoolExecutor$Worker.run(ThreadPoolExecutor.java:635)
	at java.base/java.lang.Thread.run(Thread.java:833)

nov 09, 2023 11:14:57 A. M. persistencia.EmpleatDAO altaEmpleat
SEVERE: null
java.sql.SQLIntegrityConstraintViolationException: Cannot add or update a child row: a foreign key constraint fails (`escola_bressol`.`empleat`, CONSTRAINT `empleat_ibfk_1` FOREIGN KEY (`persona_id`) REFERENCES `persona` (`id`))
	at com.mysql.cj.jdbc.exceptions.SQLError.createSQLException(SQLError.java:118)
	at com.mysql.cj.jdbc.exceptions.SQLExceptionsMapping.translateException(SQLExceptionsMapping.java:122)
	at com.mysql.cj.jdbc.ClientPreparedStatement.executeInternal(ClientPreparedStatement.java:916)
	at com.mysql.cj.jdbc.ClientPreparedStatement.executeUpdateInternal(ClientPreparedStatement.java:1061)
	at com.mysql.cj.jdbc.ClientPreparedStatement.executeUpdateInternal(ClientPreparedStatement.java:1009)
	at com.mysql.cj.jdbc.ClientPreparedStatement.executeLargeUpdate(ClientPreparedStatement.java:1320)
	at com.mysql.cj.jdbc.ClientPreparedStatement.executeUpdate(ClientPreparedStatement.java:994)
	at persistencia.EmpleatDAO.altaEmpleat(EmpleatDAO.java:52)
	at resposta.GenerarResposta.respostaAltaEmpleat(GenerarResposta.java:109)
	at resposta.ControladorResposta.gestionarResposta(ControladorResposta.java:57)
	at servidor.ServidorSocketListener$GestorClients.run(ServidorSocketListener.java:139)
	at java.base/java.util.concurrent.ThreadPoolExecutor.runWorker(ThreadPoolExecutor.java:1136)
	at java.base/java.util.concurrent.ThreadPoolExecutor$Worker.run(ThreadPoolExecutor.java:635)
	at java.base/java.lang.Thread.run(Thread.java:833)

nov 09, 2023 11:14:57 A. M. persistencia.UsuariDAO altaUsuari
SEVERE: null
java.sql.SQLIntegrityConstraintViolationException: Cannot add or update a child row: a foreign key constraint fails (`escola_bressol`.`usuari`, CONSTRAINT `usuari_ibfk_1` FOREIGN KEY (`persona_id`) REFERENCES `persona` (`id`))
	at com.mysql.cj.jdbc.exceptions.SQLError.createSQLException(SQLError.java:118)
	at com.mysql.cj.jdbc.exceptions.SQLExceptionsMapping.translateException(SQLExceptionsMapping.java:122)
	at com.mysql.cj.jdbc.ClientPreparedStatement.executeInternal(ClientPreparedStatement.java:916)
	at com.mysql.cj.jdbc.ClientPreparedStatement.executeUpdateInternal(ClientPreparedStatement.java:1061)
	at com.mysql.cj.jdbc.ClientPreparedStatement.executeUpdateInternal(ClientPreparedStatement.java:1009)
	at com.mysql.cj.jdbc.ClientPreparedStatement.executeLargeUpdate(ClientPreparedStatement.java:1320)
	at com.mysql.cj.jdbc.ClientPreparedStatement.executeUpdate(ClientPreparedStatement.java:994)
	at persistencia.UsuariDAO.altaUsuari(UsuariDAO.java:109)
	at resposta.GenerarResposta.respostaAltaEmpleat(GenerarResposta.java:112)
	at resposta.ControladorResposta.gestionarResposta(ControladorResposta.java:57)
	at servidor.ServidorSocketListener$GestorClients.run(ServidorSocketListener.java:139)
	at java.base/java.util.concurrent.ThreadPoolExecutor.runWorker(ThreadPoolExecutor.java:1136)
	at java.base/java.util.concurrent.ThreadPoolExecutor$Worker.run(ThreadPoolExecutor.java:635)
	at java.base/java.lang.Thread.run(Thread.java:833)

nov 09, 2023 11:14:57 A. M. resposta.GenerarResposta respostaAltaEmpleat
WARNING: ERROR No s'ha pogut insertar l'empleat ni l'usari associat
nov 09, 2023 11:14:57 A. M. persistencia.ConexioBBDD tancarConexio
INFO: Conexió a la base de dades tancada.
nov 09, 2023 11:14:57 A. M. probesIntegracio.AltaEmpleatTest testAltaEmpleatError
INFO: Dades rebudes per part del servidor.
nov 09, 2023 11:14:57 A. M. probesIntegracio.AltaEmpleatTest testAltaEmpleatError
INFO: Resultat esperat 0, resultat obtingut : 0
nov 09, 2023 11:14:57 A. M. probesIntegracio.AltaEmpleatTest testAltaEmpleatError
INFO: Socket del client tancat.
nov 09, 2023 11:14:57 A. M. probesIntegracio.AltaEmpleatTest tearDown
INFO: Servidor tancat.
nov 09, 2023 11:14:57 A. M. servidor.ServidorSocketListener escoltarClients
SEVERE: Servidor tancat, no es poden escoltar clients
nov 09, 2023 11:14:57 A. M. probesIntegracio.AltaEmpleatTest$1 run
INFO: Servidor escoltant clients.
]]></system-err>
  </testcase>
</testsuite>